<?xml version="1.0" encoding="UTF-8"?>
<testng-results ignored="0" total="2" passed="1" failed="1" skipped="0">
  <reporter-output>
  </reporter-output>
  <suite started-at="2023-03-01T22:49:46 IST" name="Default suite" finished-at="2023-03-01T22:50:18 IST" duration-ms="31768">
    <groups>
    </groups>
    <test started-at="2023-03-01T22:49:46 IST" name="Default test" finished-at="2023-03-01T22:50:18 IST" duration-ms="31768">
      <class name="Testclasses01.TestNg_testclass">
        <test-method is-config="true" signature="openbrowser()[pri:0, instance:Testclasses01.TestNg_testclass@3c7f66c4]" started-at="2023-03-01T22:49:46 IST" name="openbrowser" finished-at="2023-03-01T22:49:54 IST" duration-ms="8375" status="PASS">
          <reporter-output>
          </reporter-output>
        </test-method> <!-- openbrowser -->
        <test-method is-config="true" signature="logintoapp()[pri:0, instance:Testclasses01.TestNg_testclass@3c7f66c4]" started-at="2023-03-01T22:49:54 IST" name="logintoapp" finished-at="2023-03-01T22:49:57 IST" duration-ms="2740" status="PASS">
          <reporter-output>
          </reporter-output>
        </test-method> <!-- logintoapp -->
        <test-method signature="VerifyEmail()[pri:0, instance:Testclasses01.TestNg_testclass@3c7f66c4]" started-at="2023-03-01T22:49:57 IST" name="VerifyEmail" finished-at="2023-03-01T22:49:57 IST" duration-ms="16" status="FAIL">
          <exception class="java.lang.AssertionError">
            <message>
              <![CDATA[null]]>
            </message>
            <full-stacktrace>
              <![CDATA[java.lang.AssertionError: null
at org.testng.Assert.fail(Assert.java:99)
at org.testng.Assert.fail(Assert.java:106)
at Testclasses01.TestNg_testclass.VerifyEmail(TestNg_testclass.java:58)
at java.base/jdk.internal.reflect.NativeMethodAccessorImpl.invoke0(Native Method)
at java.base/jdk.internal.reflect.NativeMethodAccessorImpl.invoke(NativeMethodAccessorImpl.java:77)
at java.base/jdk.internal.reflect.DelegatingMethodAccessorImpl.invoke(DelegatingMethodAccessorImpl.java:43)
at java.base/java.lang.reflect.Method.invoke(Method.java:568)
at org.testng.internal.MethodInvocationHelper.invokeMethod(MethodInvocationHelper.java:133)
at org.testng.internal.TestInvoker.invokeMethod(TestInvoker.java:598)
at org.testng.internal.TestInvoker.invokeTestMethod(TestInvoker.java:173)
at org.testng.internal.MethodRunner.runInSequence(MethodRunner.java:46)
at org.testng.internal.TestInvoker$MethodInvocationAgent.invoke(TestInvoker.java:824)
at org.testng.internal.TestInvoker.invokeTestMethods(TestInvoker.java:146)
at org.testng.internal.TestMethodWorker.invokeTestMethods(TestMethodWorker.java:146)
at org.testng.internal.TestMethodWorker.run(TestMethodWorker.java:128)
at java.base/java.util.ArrayList.forEach(ArrayList.java:1511)
at org.testng.TestRunner.privateRun(TestRunner.java:794)
at org.testng.TestRunner.run(TestRunner.java:596)
at org.testng.SuiteRunner.runTest(SuiteRunner.java:377)
at org.testng.SuiteRunner.runSequentially(SuiteRunner.java:371)
at org.testng.SuiteRunner.privateRun(SuiteRunner.java:332)
at org.testng.SuiteRunner.run(SuiteRunner.java:276)
at org.testng.SuiteRunnerWorker.runSuite(SuiteRunnerWorker.java:53)
at org.testng.SuiteRunnerWorker.run(SuiteRunnerWorker.java:96)
at org.testng.TestNG.runSuitesSequentially(TestNG.java:1212)
at org.testng.TestNG.runSuitesLocally(TestNG.java:1134)
at org.testng.TestNG.runSuites(TestNG.java:1063)
at org.testng.TestNG.run(TestNG.java:1031)
at org.testng.remote.AbstractRemoteTestNG.run(AbstractRemoteTestNG.java:115)
at org.testng.remote.RemoteTestNG.initAndRun(RemoteTestNG.java:251)
at org.testng.remote.RemoteTestNG.main(RemoteTestNG.java:77)
]]>
            </full-stacktrace>
          </exception> <!-- java.lang.AssertionError -->
          <reporter-output>
          </reporter-output>
        </test-method> <!-- VerifyEmail -->
        <test-method is-config="true" signature="logouttoapp(org.testng.ITestResult)[pri:0, instance:Testclasses01.TestNg_testclass@3c7f66c4]" started-at="2023-03-01T22:49:57 IST" name="logouttoapp" finished-at="2023-03-01T22:50:05 IST" duration-ms="8328" status="PASS">
          <params>
            <param index="0">
              <value>
                <![CDATA[[TestResult name=VerifyEmail status=FAILURE method=TestNg_testclass.VerifyEmail()[pri:0, instance:Testclasses01.TestNg_testclass@3c7f66c4] output={null}]]]>
              </value>
            </param>
          </params>
          <reporter-output>
          </reporter-output>
        </test-method> <!-- logouttoapp -->
        <test-method is-config="true" signature="logintoapp()[pri:0, instance:Testclasses01.TestNg_testclass@3c7f66c4]" started-at="2023-03-01T22:50:05 IST" name="logintoapp" finished-at="2023-03-01T22:50:08 IST" duration-ms="2284" status="PASS">
          <reporter-output>
          </reporter-output>
        </test-method> <!-- logintoapp -->
        <test-method signature="verifyAddress()[pri:0, instance:Testclasses01.TestNg_testclass@3c7f66c4]" started-at="2023-03-01T22:50:08 IST" name="verifyAddress" finished-at="2023-03-01T22:50:09 IST" duration-ms="1282" status="PASS">
          <reporter-output>
          </reporter-output>
        </test-method> <!-- verifyAddress -->
        <test-method is-config="true" signature="logouttoapp(org.testng.ITestResult)[pri:0, instance:Testclasses01.TestNg_testclass@3c7f66c4]" started-at="2023-03-01T22:50:09 IST" name="logouttoapp" finished-at="2023-03-01T22:50:17 IST" duration-ms="8519" status="PASS">
          <params>
            <param index="0">
              <value>
                <![CDATA[[TestResult name=verifyAddress status=SUCCESS method=TestNg_testclass.verifyAddress()[pri:0, instance:Testclasses01.TestNg_testclass@3c7f66c4] output={null}]]]>
              </value>
            </param>
          </params>
          <reporter-output>
          </reporter-output>
        </test-method> <!-- logouttoapp -->
        <test-method is-config="true" signature="closebrowser()[pri:0, instance:Testclasses01.TestNg_testclass@3c7f66c4]" started-at="2023-03-01T22:50:17 IST" name="closebrowser" finished-at="2023-03-01T22:50:18 IST" duration-ms="182" status="PASS">
          <reporter-output>
          </reporter-output>
        </test-method> <!-- closebrowser -->
      </class> <!-- Testclasses01.TestNg_testclass -->
    </test> <!-- Default test -->
  </suite> <!-- Default suite -->
</testng-results>
